[2018-10-07 13:37:42] local.ERROR: Too many arguments, expected arguments "command". {"exception":"[object] (Symfony\\Component\\Console\\Exception\\RuntimeException(code: 0): Too many arguments, expected arguments \"command\". at /Users/navjotbabrah/Downloads/private-chat-app-with-laravel-vuejs-pusher-master/vendor/symfony/console/Input/ArgvInput.php:182)
[stacktrace]
#0 /Users/navjotbabrah/Downloads/private-chat-app-with-laravel-vuejs-pusher-master/vendor/symfony/console/Input/ArgvInput.php(86): Symfony\\Component\\Console\\Input\\ArgvInput->parseArgument('port=7878')
#1 /Users/navjotbabrah/Downloads/private-chat-app-with-laravel-vuejs-pusher-master/vendor/symfony/console/Input/Input.php(55): Symfony\\Component\\Console\\Input\\ArgvInput->parse()
#2 /Users/navjotbabrah/Downloads/private-chat-app-with-laravel-vuejs-pusher-master/vendor/symfony/console/Command/Command.php(210): Symfony\\Component\\Console\\Input\\Input->bind(Object(Symfony\\Component\\Console\\Input\\InputDefinition))
#3 /Users/navjotbabrah/Downloads/private-chat-app-with-laravel-vuejs-pusher-master/vendor/laravel/framework/src/Illuminate/Console/Command.php(170): Symfony\\Component\\Console\\Command\\Command->run(Object(Symfony\\Component\\Console\\Input\\ArgvInput), Object(Illuminate\\Console\\OutputStyle))
#4 /Users/navjotbabrah/Downloads/private-chat-app-with-laravel-vuejs-pusher-master/vendor/symfony/console/Application.php(865): Illuminate\\Console\\Command->run(Object(Symfony\\Component\\Console\\Input\\ArgvInput), Object(Symfony\\Component\\Console\\Output\\ConsoleOutput))
#5 /Users/navjotbabrah/Downloads/private-chat-app-with-laravel-vuejs-pusher-master/vendor/symfony/console/Application.php(241): Symfony\\Component\\Console\\Application->doRunCommand(Object(Illuminate\\Foundation\\Console\\ServeCommand), Object(Symfony\\Component\\Console\\Input\\ArgvInput), Object(Symfony\\Component\\Console\\Output\\ConsoleOutput))
#6 /Users/navjotbabrah/Downloads/private-chat-app-with-laravel-vuejs-pusher-master/vendor/symfony/console/Application.php(143): Symfony\\Component\\Console\\Application->doRun(Object(Symfony\\Component\\Console\\Input\\ArgvInput), Object(Symfony\\Component\\Console\\Output\\ConsoleOutput))
#7 /Users/navjotbabrah/Downloads/private-chat-app-with-laravel-vuejs-pusher-master/vendor/laravel/framework/src/Illuminate/Console/Application.php(89): Symfony\\Component\\Console\\Application->run(Object(Symfony\\Component\\Console\\Input\\ArgvInput), Object(Symfony\\Component\\Console\\Output\\ConsoleOutput))
#8 /Users/navjotbabrah/Downloads/private-chat-app-with-laravel-vuejs-pusher-master/vendor/laravel/framework/src/Illuminate/Foundation/Console/Kernel.php(122): Illuminate\\Console\\Application->run(Object(Symfony\\Component\\Console\\Input\\ArgvInput), Object(Symfony\\Component\\Console\\Output\\ConsoleOutput))
#9 /Users/navjotbabrah/Downloads/private-chat-app-with-laravel-vuejs-pusher-master/artisan(37): Illuminate\\Foundation\\Console\\Kernel->handle(Object(Symfony\\Component\\Console\\Input\\ArgvInput), Object(Symfony\\Component\\Console\\Output\\ConsoleOutput))
#10 {main}
"} 
[2018-10-07 13:38:17] local.ERROR: SQLSTATE[HY000] [1045] Access denied for user 'homestead'@'localhost' (using password: YES) {"exception":"[object] (PDOException(code: 1045): SQLSTATE[HY000] [1045] Access denied for user 'homestead'@'localhost' (using password: YES) at /Users/navjotbabrah/Downloads/private-chat-app-with-laravel-vuejs-pusher-master/vendor/laravel/framework/src/Illuminate/Database/Connectors/Connector.php:68)
[stacktrace]
#0 /Users/navjotbabrah/Downloads/private-chat-app-with-laravel-vuejs-pusher-master/vendor/laravel/framework/src/Illuminate/Database/Connectors/Connector.php(68): PDO->__construct('mysql:host=127....', 'homestead', 'secret', Array)
#1 /Users/navjotbabrah/Downloads/private-chat-app-with-laravel-vuejs-pusher-master/vendor/laravel/framework/src/Illuminate/Database/Connectors/Connector.php(44): Illuminate\\Database\\Connectors\\Connector->createPdoConnection('mysql:host=127....', 'homestead', 'secret', Array)
#2 /Users/navjotbabrah/Downloads/private-chat-app-with-laravel-vuejs-pusher-master/vendor/laravel/framework/src/Illuminate/Database/Connectors/MySqlConnector.php(24): Illuminate\\Database\\Connectors\\Connector->createConnection('mysql:host=127....', Array, Array)
#3 /Users/navjotbabrah/Downloads/private-chat-app-with-laravel-vuejs-pusher-master/vendor/laravel/framework/src/Illuminate/Database/Connectors/ConnectionFactory.php(183): Illuminate\\Database\\Connectors\\MySqlConnector->connect(Array)
#4 [internal function]: Illuminate\\Database\\Connectors\\ConnectionFactory->Illuminate\\Database\\Connectors\\{closure}()
#5 /Users/navjotbabrah/Downloads/private-chat-app-with-laravel-vuejs-pusher-master/vendor/laravel/framework/src/Illuminate/Database/Connection.php(915): call_user_func(Object(Closure))
#6 /Users/navjotbabrah/Downloads/private-chat-app-with-laravel-vuejs-pusher-master/vendor/laravel/framework/src/Illuminate/Database/Connection.php(399): Illuminate\\Database\\Connection->getPdo()
#7 /Users/navjotbabrah/Downloads/private-chat-app-with-laravel-vuejs-pusher-master/vendor/laravel/framework/src/Illuminate/Database/Connection.php(325): Illuminate\\Database\\Connection->getPdoForSelect(false)
#8 /Users/navjotbabrah/Downloads/private-chat-app-with-laravel-vuejs-pusher-master/vendor/laravel/framework/src/Illuminate/Database/Connection.php(657): Illuminate\\Database\\Connection->Illuminate\\Database\\{closure}('select count(*)...', Array)
#9 /Users/navjotbabrah/Downloads/private-chat-app-with-laravel-vuejs-pusher-master/vendor/laravel/framework/src/Illuminate/Database/Connection.php(624): Illuminate\\Database\\Connection->runQueryCallback('select count(*)...', Array, Object(Closure))
#10 /Users/navjotbabrah/Downloads/private-chat-app-with-laravel-vuejs-pusher-master/vendor/laravel/framework/src/Illuminate/Database/Connection.php(333): Illuminate\\Database\\Connection->run('select count(*)...', Array, Object(Closure))
#11 /Users/navjotbabrah/Downloads/private-chat-app-with-laravel-vuejs-pusher-master/vendor/laravel/framework/src/Illuminate/Database/Query/Builder.php(1909): Illuminate\\Database\\Connection->select('select count(*)...', Array, false)
#12 /Users/navjotbabrah/Downloads/private-chat-app-with-laravel-vuejs-pusher-master/vendor/laravel/framework/src/Illuminate/Database/Query/Builder.php(1894): Illuminate\\Database\\Query\\Builder->runSelect()
#13 /Users/navjotbabrah/Downloads/private-chat-app-with-laravel-vuejs-pusher-master/vendor/laravel/framework/src/Illuminate/Database/Query/Builder.php(2241): Illuminate\\Database\\Query\\Builder->get(Array)
#14 /Users/navjotbabrah/Downloads/private-chat-app-with-laravel-vuejs-pusher-master/vendor/laravel/framework/src/Illuminate/Database/Query/Builder.php(2169): Illuminate\\Database\\Query\\Builder->aggregate('count', Array)
#15 /Users/navjotbabrah/Downloads/private-chat-app-with-laravel-vuejs-pusher-master/vendor/laravel/framework/src/Illuminate/Validation/DatabasePresenceVerifier.php(55): Illuminate\\Database\\Query\\Builder->count()
#16 /Users/navjotbabrah/Downloads/private-chat-app-with-laravel-vuejs-pusher-master/vendor/laravel/framework/src/Illuminate/Validation/Concerns/ValidatesAttributes.php(687): Illuminate\\Validation\\DatabasePresenceVerifier->getCount('users', 'email', 'nav@gmail.com', NULL, NULL, Array)
#17 /Users/navjotbabrah/Downloads/private-chat-app-with-laravel-vuejs-pusher-master/vendor/laravel/framework/src/Illuminate/Validation/Validator.php(365): Illuminate\\Validation\\Validator->validateUnique('email', 'nav@gmail.com', Array, Object(Illuminate\\Validation\\Validator))
#18 /Users/navjotbabrah/Downloads/private-chat-app-with-laravel-vuejs-pusher-master/vendor/laravel/framework/src/Illuminate/Validation/Validator.php(268): Illuminate\\Validation\\Validator->validateAttribute('email', 'Unique')
#19 /Users/navjotbabrah/Downloads/private-chat-app-with-laravel-vuejs-pusher-master/vendor/laravel/framework/src/Illuminate/Validation/Validator.php(293): Illuminate\\Validation\\Validator->passes()
#20 /Users/navjotbabrah/Downloads/private-chat-app-with-laravel-vuejs-pusher-master/vendor/laravel/framework/src/Illuminate/Validation/Validator.php(305): Illuminate\\Validation\\Validator->fails()
#21 /Users/navjotbabrah/Downloads/private-chat-app-with-laravel-vuejs-pusher-master/vendor/laravel/framework/src/Illuminate/Foundation/Auth/RegistersUsers.php(31): Illuminate\\Validation\\Validator->validate()
#22 [internal function]: App\\Http\\Controllers\\Auth\\RegisterController->register(Object(Illuminate\\Http\\Request))
#23 /Users/navjotbabrah/Downloads/private-chat-app-with-laravel-vuejs-pusher-master/vendor/laravel/framework/src/Illuminate/Routing/Controller.php(54): call_user_func_array(Array, Array)
#24 /Users/navjotbabrah/Downloads/private-chat-app-with-laravel-vuejs-pusher-master/vendor/laravel/framework/src/Illuminate/Routing/ControllerDispatcher.php(45): Illuminate\\Routing\\Controller->callAction('register', Array)
#25 /Users/navjotbabrah/Downloads/private-chat-app-with-laravel-vuejs-pusher-master/vendor/laravel/framework/src/Illuminate/Routing/Route.php(212): Illuminate\\Routing\\ControllerDispatcher->dispatch(Object(Illuminate\\Routing\\Route), Object(App\\Http\\Controllers\\Auth\\RegisterController), 'register')
#26 /Users/navjotbabrah/Downloads/private-chat-app-with-laravel-vuejs-pusher-master/vendor/laravel/framework/src/Illuminate/Routing/Route.php(169): Illuminate\\Routing\\Route->runController()
#27 /Users/navjotbabrah/Downloads/private-chat-app-with-laravel-vuejs-pusher-master/vendor/laravel/framework/src/Illuminate/Routing/Router.php(659): Illuminate\\Routing\\Route->run()
#28 /Users/navjotbabrah/Downloads/private-chat-app-with-laravel-vuejs-pusher-master/vendor/laravel/framework/src/Illuminate/Routing/Pipeline.php(30): Illuminate\\Routing\\Router->Illuminate\\Routing\\{closure}(Object(Illuminate\\Http\\Request))
#29 /Users/navjotbabrah/Downloads/private-chat-app-with-laravel-vuejs-pusher-master/app/Http/Middleware/RedirectIfAuthenticated.php(24): Illuminate\\Routing\\Pipeline->Illuminate\\Routing\\{closure}(Object(Illuminate\\Http\\Request))
#30 /Users/navjotbabrah/Downloads/private-chat-app-with-laravel-vuejs-pusher-master/vendor/laravel/framework/src/Illuminate/Pipeline/Pipeline.php(149): App\\Http\\Middleware\\RedirectIfAuthenticated->handle(Object(Illuminate\\Http\\Request), Object(Closure))
#31 /Users/navjotbabrah/Downloads/private-chat-app-with-laravel-vuejs-pusher-master/vendor/laravel/framework/src/Illuminate/Routing/Pipeline.php(53): Illuminate\\Pipeline\\Pipeline->Illuminate\\Pipeline\\{closure}(Object(Illuminate\\Http\\Request))
#32 /Users/navjotbabrah/Downloads/private-chat-app-with-laravel-vuejs-pusher-master/vendor/laravel/framework/src/Illuminate/Routing/Middleware/SubstituteBindings.php(41): Illuminate\\Routing\\Pipeline->Illuminate\\Routing\\{closure}(Object(Illuminate\\Http\\Request))
#33 /Users/navjotbabrah/Downloads/private-chat-app-with-laravel-vuejs-pusher-master/vendor/laravel/framework/src/Illuminate/Pipeline/Pipeline.php(149): Illuminate\\Routing\\Middleware\\SubstituteBindings->handle(Object(Illuminate\\Http\\Request), Object(Closure))
#34 /Users/navjotbabrah/Downloads/private-chat-app-with-laravel-vuejs-pusher-master/vendor/laravel/framework/src/Illuminate/Routing/Pipeline.php(53): Illuminate\\Pipeline\\Pipeline->Illuminate\\Pipeline\\{closure}(Object(Illuminate\\Http\\Request))
#35 /Users/navjotbabrah/Downloads/private-chat-app-with-laravel-vuejs-pusher-master/vendor/laravel/framework/src/Illuminate/Foundation/Http/Middleware/VerifyCsrfToken.php(67): Illuminate\\Routing\\Pipeline->Illuminate\\Routing\\{closure}(Object(Illuminate\\Http\\Request))
#36 /Users/navjotbabrah/Downloads/private-chat-app-with-laravel-vuejs-pusher-master/vendor/laravel/framework/src/Illuminate/Pipeline/Pipeline.php(149): Illuminate\\Foundation\\Http\\Middleware\\VerifyCsrfToken->handle(Object(Illuminate\\Http\\Request), Object(Closure))
#37 /Users/navjotbabrah/Downloads/private-chat-app-with-laravel-vuejs-pusher-master/vendor/laravel/framework/src/Illuminate/Routing/Pipeline.php(53): Illuminate\\Pipeline\\Pipeline->Illuminate\\Pipeline\\{closure}(Object(Illuminate\\Http\\Request))
#38 /Users/navjotbabrah/Downloads/private-chat-app-with-laravel-vuejs-pusher-master/vendor/laravel/framework/src/Illuminate/View/Middleware/ShareErrorsFromSession.php(49): Illuminate\\Routing\\Pipeline->Illuminate\\Routing\\{closure}(Object(Illuminate\\Http\\Request))
#39 /Users/navjotbabrah/Downloads/private-chat-app-with-laravel-vuejs-pusher-master/vendor/laravel/framework/src/Illuminate/Pipeline/Pipeline.php(149): Illuminate\\View\\Middleware\\ShareErrorsFromSession->handle(Object(Illuminate\\Http\\Request), Object(Closure))
#40 /Users/navjotbabrah/Downloads/private-chat-app-with-laravel-vuejs-pusher-master/vendor/laravel/framework/src/Illuminate/Routing/Pipeline.php(53): Illuminate\\Pipeline\\Pipeline->Illuminate\\Pipeline\\{closure}(Object(Illuminate\\Http\\Request))
#41 /Users/navjotbabrah/Downloads/private-chat-app-with-laravel-vuejs-pusher-master/vendor/laravel/framework/src/Illuminate/Session/Middleware/StartSession.php(63): Illuminate\\Routing\\Pipeline->Illuminate\\Routing\\{closure}(Object(Illuminate\\Http\\Request))
#42 /Users/navjotbabrah/Downloads/private-chat-app-with-laravel-vuejs-pusher-master/vendor/laravel/framework/src/Illuminate/Pipeline/Pipeline.php(149): Illuminate\\Session\\Middleware\\StartSession->handle(Object(Illuminate\\Http\\Request), Object(Closure))
#43 /Users/navjotbabrah/Downloads/private-chat-app-with-laravel-vuejs-pusher-master/vendor/laravel/framework/src/Illuminate/Routing/Pipeline.php(53): Illuminate\\Pipeline\\Pipeline->Illuminate\\Pipeline\\{closure}(Object(Illuminate\\Http\\Request))
#44 /Users/navjotbabrah/Downloads/private-chat-app-with-laravel-vuejs-pusher-master/vendor/laravel/framework/src/Illuminate/Cookie/Middleware/AddQueuedCookiesToResponse.php(37): Illuminate\\Routing\\Pipeline->Illuminate\\Routing\\{closure}(Object(Illuminate\\Http\\Request))
#45 /Users/navjotbabrah/Downloads/private-chat-app-with-laravel-vuejs-pusher-master/vendor/laravel/framework/src/Illuminate/Pipeline/Pipeline.php(149): Illuminate\\Cookie\\Middleware\\AddQueuedCookiesToResponse->handle(Object(Illuminate\\Http\\Request), Object(Closure))
#46 /Users/navjotbabrah/Downloads/private-chat-app-with-laravel-vuejs-pusher-master/vendor/laravel/framework/src/Illuminate/Routing/Pipeline.php(53): Illuminate\\Pipeline\\Pipeline->Illuminate\\Pipeline\\{closure}(Object(Illuminate\\Http\\Request))
#47 /Users/navjotbabrah/Downloads/private-chat-app-with-laravel-vuejs-pusher-master/vendor/laravel/framework/src/Illuminate/Cookie/Middleware/EncryptCookies.php(59): Illuminate\\Routing\\Pipeline->Illuminate\\Routing\\{closure}(Object(Illuminate\\Http\\Request))
#48 /Users/navjotbabrah/Downloads/private-chat-app-with-laravel-vuejs-pusher-master/vendor/laravel/framework/src/Illuminate/Pipeline/Pipeline.php(149): Illuminate\\Cookie\\Middleware\\EncryptCookies->handle(Object(Illuminate\\Http\\Request), Object(Closure))
#49 /Users/navjotbabrah/Downloads/private-chat-app-with-laravel-vuejs-pusher-master/vendor/laravel/framework/src/Illuminate/Routing/Pipeline.php(53): Illuminate\\Pipeline\\Pipeline->Illuminate\\Pipeline\\{closure}(Object(Illuminate\\Http\\Request))
#50 /Users/navjotbabrah/Downloads/private-chat-app-with-laravel-vuejs-pusher-master/vendor/laravel/framework/src/Illuminate/Pipeline/Pipeline.php(102): Illuminate\\Routing\\Pipeline->Illuminate\\Routing\\{closure}(Object(Illuminate\\Http\\Request))
#51 /Users/navjotbabrah/Downloads/private-chat-app-with-laravel-vuejs-pusher-master/vendor/laravel/framework/src/Illuminate/Routing/Router.php(661): Illuminate\\Pipeline\\Pipeline->then(Object(Closure))
#52 /Users/navjotbabrah/Downloads/private-chat-app-with-laravel-vuejs-pusher-master/vendor/laravel/framework/src/Illuminate/Routing/Router.php(636): Illuminate\\Routing\\Router->runRouteWithinStack(Object(Illuminate\\Routing\\Route), Object(Illuminate\\Http\\Request))
#53 /Users/navjotbabrah/Downloads/private-chat-app-with-laravel-vuejs-pusher-master/vendor/laravel/framework/src/Illuminate/Routing/Router.php(602): Illuminate\\Routing\\Router->runRoute(Object(Illuminate\\Http\\Request), Object(Illuminate\\Routing\\Route))
#54 /Users/navjotbabrah/Downloads/private-chat-app-with-laravel-vuejs-pusher-master/vendor/laravel/framework/src/Illuminate/Routing/Router.php(591): Illuminate\\Routing\\Router->dispatchToRoute(Object(Illuminate\\Http\\Request))
#55 /Users/navjotbabrah/Downloads/private-chat-app-with-laravel-vuejs-pusher-master/vendor/laravel/framework/src/Illuminate/Foundation/Http/Kernel.php(176): Illuminate\\Routing\\Router->dispatch(Object(Illuminate\\Http\\Request))
#56 /Users/navjotbabrah/Downloads/private-chat-app-with-laravel-vuejs-pusher-master/vendor/laravel/framework/src/Illuminate/Routing/Pipeline.php(30): Illuminate\\Foundation\\Http\\Kernel->Illuminate\\Foundation\\Http\\{closure}(Object(Illuminate\\Http\\Request))
#57 /Users/navjotbabrah/Downloads/private-chat-app-with-laravel-vuejs-pusher-master/vendor/fideloper/proxy/src/TrustProxies.php(57): Illuminate\\Routing\\Pipeline->Illuminate\\Routing\\{closure}(Object(Illuminate\\Http\\Request))
#58 /Users/navjotbabrah/Downloads/private-chat-app-with-laravel-vuejs-pusher-master/vendor/laravel/framework/src/Illuminate/Pipeline/Pipeline.php(149): Fideloper\\Proxy\\TrustProxies->handle(Object(Illuminate\\Http\\Request), Object(Closure))
#59 /Users/navjotbabrah/Downloads/private-chat-app-with-laravel-vuejs-pusher-master/vendor/laravel/framework/src/Illuminate/Routing/Pipeline.php(53): Illuminate\\Pipeline\\Pipeline->Illuminate\\Pipeline\\{closure}(Object(Illuminate\\Http\\Request))
#60 /Users/navjotbabrah/Downloads/private-chat-app-with-laravel-vuejs-pusher-master/vendor/laravel/framework/src/Illuminate/Foundation/Http/Middleware/TransformsRequest.php(30): Illuminate\\Routing\\Pipeline->Illuminate\\Routing\\{closure}(Object(Illuminate\\Http\\Request))
#61 /Users/navjotbabrah/Downloads/private-chat-app-with-laravel-vuejs-pusher-master/vendor/laravel/framework/src/Illuminate/Pipeline/Pipeline.php(149): Illuminate\\Foundation\\Http\\Middleware\\TransformsRequest->handle(Object(Illuminate\\Http\\Request), Object(Closure))
#62 /Users/navjotbabrah/Downloads/private-chat-app-with-laravel-vuejs-pusher-master/vendor/laravel/framework/src/Illuminate/Routing/Pipeline.php(53): Illuminate\\Pipeline\\Pipeline->Illuminate\\Pipeline\\{closure}(Object(Illuminate\\Http\\Request))
#63 /Users/navjotbabrah/Downloads/private-chat-app-with-laravel-vuejs-pusher-master/vendor/laravel/framework/src/Illuminate/Foundation/Http/Middleware/TransformsRequest.php(30): Illuminate\\Routing\\Pipeline->Illuminate\\Routing\\{closure}(Object(Illuminate\\Http\\Request))
#64 /Users/navjotbabrah/Downloads/private-chat-app-with-laravel-vuejs-pusher-master/vendor/laravel/framework/src/Illuminate/Pipeline/Pipeline.php(149): Illuminate\\Foundation\\Http\\Middleware\\TransformsRequest->handle(Object(Illuminate\\Http\\Request), Object(Closure))
#65 /Users/navjotbabrah/Downloads/private-chat-app-with-laravel-vuejs-pusher-master/vendor/laravel/framework/src/Illuminate/Routing/Pipeline.php(53): Illuminate\\Pipeline\\Pipeline->Illuminate\\Pipeline\\{closure}(Object(Illuminate\\Http\\Request))
#66 /Users/navjotbabrah/Downloads/private-chat-app-with-laravel-vuejs-pusher-master/vendor/laravel/framework/src/Illuminate/Foundation/Http/Middleware/ValidatePostSize.php(27): Illuminate\\Routing\\Pipeline->Illuminate\\Routing\\{closure}(Object(Illuminate\\Http\\Request))
#67 /Users/navjotbabrah/Downloads/private-chat-app-with-laravel-vuejs-pusher-master/vendor/laravel/framework/src/Illuminate/Pipeline/Pipeline.php(149): Illuminate\\Foundation\\Http\\Middleware\\ValidatePostSize->handle(Object(Illuminate\\Http\\Request), Object(Closure))
#68 /Users/navjotbabrah/Downloads/private-chat-app-with-laravel-vuejs-pusher-master/vendor/laravel/framework/src/Illuminate/Routing/Pipeline.php(53): Illuminate\\Pipeline\\Pipeline->Illuminate\\Pipeline\\{closure}(Object(Illuminate\\Http\\Request))
#69 /Users/navjotbabrah/Downloads/private-chat-app-with-laravel-vuejs-pusher-master/vendor/laravel/framework/src/Illuminate/Foundation/Http/Middleware/CheckForMaintenanceMode.php(51): Illuminate\\Routing\\Pipeline->Illuminate\\Routing\\{closure}(Object(Illuminate\\Http\\Request))
#70 /Users/navjotbabrah/Downloads/private-chat-app-with-laravel-vuejs-pusher-master/vendor/laravel/framework/src/Illuminate/Pipeline/Pipeline.php(149): Illuminate\\Foundation\\Http\\Middleware\\CheckForMaintenanceMode->handle(Object(Illuminate\\Http\\Request), Object(Closure))
#71 /Users/navjotbabrah/Downloads/private-chat-app-with-laravel-vuejs-pusher-master/vendor/laravel/framework/src/Illuminate/Routing/Pipeline.php(53): Illuminate\\Pipeline\\Pipeline->Illuminate\\Pipeline\\{closure}(Object(Illuminate\\Http\\Request))
#72 /Users/navjotbabrah/Downloads/private-chat-app-with-laravel-vuejs-pusher-master/vendor/laravel/framework/src/Illuminate/Pipeline/Pipeline.php(102): Illuminate\\Routing\\Pipeline->Illuminate\\Routing\\{closure}(Object(Illuminate\\Http\\Request))
#73 /Users/navjotbabrah/Downloads/private-chat-app-with-laravel-vuejs-pusher-master/vendor/laravel/framework/src/Illuminate/Foundation/Http/Kernel.php(151): Illuminate\\Pipeline\\Pipeline->then(Object(Closure))
#74 /Users/navjotbabrah/Downloads/private-chat-app-with-laravel-vuejs-pusher-master/vendor/laravel/framework/src/Illuminate/Foundation/Http/Kernel.php(116): Illuminate\\Foundation\\Http\\Kernel->sendRequestThroughRouter(Object(Illuminate\\Http\\Request))
#75 /Users/navjotbabrah/Downloads/private-chat-app-with-laravel-vuejs-pusher-master/public/index.php(55): Illuminate\\Foundation\\Http\\Kernel->handle(Object(Illuminate\\Http\\Request))
#76 /Users/navjotbabrah/Downloads/private-chat-app-with-laravel-vuejs-pusher-master/server.php(21): require_once('/Users/navjotba...')
#77 {main}
"} 
[2018-10-07 13:38:17] local.ERROR: SQLSTATE[HY000] [1045] Access denied for user 'homestead'@'localhost' (using password: YES) (SQL: select count(*) as aggregate from `users` where `email` = nav@gmail.com) {"exception":"[object] (Illuminate\\Database\\QueryException(code: 1045): SQLSTATE[HY000] [1045] Access denied for user 'homestead'@'localhost' (using password: YES) (SQL: select count(*) as aggregate from `users` where `email` = nav@gmail.com) at /Users/navjotbabrah/Downloads/private-chat-app-with-laravel-vuejs-pusher-master/vendor/laravel/framework/src/Illuminate/Database/Connection.php:664, PDOException(code: 1045): SQLSTATE[HY000] [1045] Access denied for user 'homestead'@'localhost' (using password: YES) at /Users/navjotbabrah/Downloads/private-chat-app-with-laravel-vuejs-pusher-master/vendor/laravel/framework/src/Illuminate/Database/Connectors/Connector.php:68)
[stacktrace]
#0 /Users/navjotbabrah/Downloads/private-chat-app-with-laravel-vuejs-pusher-master/vendor/laravel/framework/src/Illuminate/Database/Connection.php(624): Illuminate\\Database\\Connection->runQueryCallback('select count(*)...', Array, Object(Closure))
#1 /Users/navjotbabrah/Downloads/private-chat-app-with-laravel-vuejs-pusher-master/vendor/laravel/framework/src/Illuminate/Database/Connection.php(333): Illuminate\\Database\\Connection->run('select count(*)...', Array, Object(Closure))
#2 /Users/navjotbabrah/Downloads/private-chat-app-with-laravel-vuejs-pusher-master/vendor/laravel/framework/src/Illuminate/Database/Query/Builder.php(1909): Illuminate\\Database\\Connection->select('select count(*)...', Array, false)
#3 /Users/navjotbabrah/Downloads/private-chat-app-with-laravel-vuejs-pusher-master/vendor/laravel/framework/src/Illuminate/Database/Query/Builder.php(1894): Illuminate\\Database\\Query\\Builder->runSelect()
#4 /Users/navjotbabrah/Downloads/private-chat-app-with-laravel-vuejs-pusher-master/vendor/laravel/framework/src/Illuminate/Database/Query/Builder.php(2241): Illuminate\\Database\\Query\\Builder->get(Array)
#5 /Users/navjotbabrah/Downloads/private-chat-app-with-laravel-vuejs-pusher-master/vendor/laravel/framework/src/Illuminate/Database/Query/Builder.php(2169): Illuminate\\Database\\Query\\Builder->aggregate('count', Array)
#6 /Users/navjotbabrah/Downloads/private-chat-app-with-laravel-vuejs-pusher-master/vendor/laravel/framework/src/Illuminate/Validation/DatabasePresenceVerifier.php(55): Illuminate\\Database\\Query\\Builder->count()
#7 /Users/navjotbabrah/Downloads/private-chat-app-with-laravel-vuejs-pusher-master/vendor/laravel/framework/src/Illuminate/Validation/Concerns/ValidatesAttributes.php(687): Illuminate\\Validation\\DatabasePresenceVerifier->getCount('users', 'email', 'nav@gmail.com', NULL, NULL, Array)
#8 /Users/navjotbabrah/Downloads/private-chat-app-with-laravel-vuejs-pusher-master/vendor/laravel/framework/src/Illuminate/Validation/Validator.php(365): Illuminate\\Validation\\Validator->validateUnique('email', 'nav@gmail.com', Array, Object(Illuminate\\Validation\\Validator))
#9 /Users/navjotbabrah/Downloads/private-chat-app-with-laravel-vuejs-pusher-master/vendor/laravel/framework/src/Illuminate/Validation/Validator.php(268): Illuminate\\Validation\\Validator->validateAttribute('email', 'Unique')
#10 /Users/navjotbabrah/Downloads/private-chat-app-with-laravel-vuejs-pusher-master/vendor/laravel/framework/src/Illuminate/Validation/Validator.php(293): Illuminate\\Validation\\Validator->passes()
#11 /Users/navjotbabrah/Downloads/private-chat-app-with-laravel-vuejs-pusher-master/vendor/laravel/framework/src/Illuminate/Validation/Validator.php(305): Illuminate\\Validation\\Validator->fails()
#12 /Users/navjotbabrah/Downloads/private-chat-app-with-laravel-vuejs-pusher-master/vendor/laravel/framework/src/Illuminate/Foundation/Auth/RegistersUsers.php(31): Illuminate\\Validation\\Validator->validate()
#13 [internal function]: App\\Http\\Controllers\\Auth\\RegisterController->register(Object(Illuminate\\Http\\Request))
#14 /Users/navjotbabrah/Downloads/private-chat-app-with-laravel-vuejs-pusher-master/vendor/laravel/framework/src/Illuminate/Routing/Controller.php(54): call_user_func_array(Array, Array)
#15 /Users/navjotbabrah/Downloads/private-chat-app-with-laravel-vuejs-pusher-master/vendor/laravel/framework/src/Illuminate/Routing/ControllerDispatcher.php(45): Illuminate\\Routing\\Controller->callAction('register', Array)
#16 /Users/navjotbabrah/Downloads/private-chat-app-with-laravel-vuejs-pusher-master/vendor/laravel/framework/src/Illuminate/Routing/Route.php(212): Illuminate\\Routing\\ControllerDispatcher->dispatch(Object(Illuminate\\Routing\\Route), Object(App\\Http\\Controllers\\Auth\\RegisterController), 'register')
#17 /Users/navjotbabrah/Downloads/private-chat-app-with-laravel-vuejs-pusher-master/vendor/laravel/framework/src/Illuminate/Routing/Route.php(169): Illuminate\\Routing\\Route->runController()
#18 /Users/navjotbabrah/Downloads/private-chat-app-with-laravel-vuejs-pusher-master/vendor/laravel/framework/src/Illuminate/Routing/Router.php(659): Illuminate\\Routing\\Route->run()
#19 /Users/navjotbabrah/Downloads/private-chat-app-with-laravel-vuejs-pusher-master/vendor/laravel/framework/src/Illuminate/Routing/Pipeline.php(30): Illuminate\\Routing\\Router->Illuminate\\Routing\\{closure}(Object(Illuminate\\Http\\Request))
#20 /Users/navjotbabrah/Downloads/private-chat-app-with-laravel-vuejs-pusher-master/app/Http/Middleware/RedirectIfAuthenticated.php(24): Illuminate\\Routing\\Pipeline->Illuminate\\Routing\\{closure}(Object(Illuminate\\Http\\Request))
#21 /Users/navjotbabrah/Downloads/private-chat-app-with-laravel-vuejs-pusher-master/vendor/laravel/framework/src/Illuminate/Pipeline/Pipeline.php(149): App\\Http\\Middleware\\RedirectIfAuthenticated->handle(Object(Illuminate\\Http\\Request), Object(Closure))
#22 /Users/navjotbabrah/Downloads/private-chat-app-with-laravel-vuejs-pusher-master/vendor/laravel/framework/src/Illuminate/Routing/Pipeline.php(53): Illuminate\\Pipeline\\Pipeline->Illuminate\\Pipeline\\{closure}(Object(Illuminate\\Http\\Request))
#23 /Users/navjotbabrah/Downloads/private-chat-app-with-laravel-vuejs-pusher-master/vendor/laravel/framework/src/Illuminate/Routing/Middleware/SubstituteBindings.php(41): Illuminate\\Routing\\Pipeline->Illuminate\\Routing\\{closure}(Object(Illuminate\\Http\\Request))
#24 /Users/navjotbabrah/Downloads/private-chat-app-with-laravel-vuejs-pusher-master/vendor/laravel/framework/src/Illuminate/Pipeline/Pipeline.php(149): Illuminate\\Routing\\Middleware\\SubstituteBindings->handle(Object(Illuminate\\Http\\Request), Object(Closure))
#25 /Users/navjotbabrah/Downloads/private-chat-app-with-laravel-vuejs-pusher-master/vendor/laravel/framework/src/Illuminate/Routing/Pipeline.php(53): Illuminate\\Pipeline\\Pipeline->Illuminate\\Pipeline\\{closure}(Object(Illuminate\\Http\\Request))
#26 /Users/navjotbabrah/Downloads/private-chat-app-with-laravel-vuejs-pusher-master/vendor/laravel/framework/src/Illuminate/Foundation/Http/Middleware/VerifyCsrfToken.php(67): Illuminate\\Routing\\Pipeline->Illuminate\\Routing\\{closure}(Object(Illuminate\\Http\\Request))
#27 /Users/navjotbabrah/Downloads/private-chat-app-with-laravel-vuejs-pusher-master/vendor/laravel/framework/src/Illuminate/Pipeline/Pipeline.php(149): Illuminate\\Foundation\\Http\\Middleware\\VerifyCsrfToken->handle(Object(Illuminate\\Http\\Request), Object(Closure))
#28 /Users/navjotbabrah/Downloads/private-chat-app-with-laravel-vuejs-pusher-master/vendor/laravel/framework/src/Illuminate/Routing/Pipeline.php(53): Illuminate\\Pipeline\\Pipeline->Illuminate\\Pipeline\\{closure}(Object(Illuminate\\Http\\Request))
#29 /Users/navjotbabrah/Downloads/private-chat-app-with-laravel-vuejs-pusher-master/vendor/laravel/framework/src/Illuminate/View/Middleware/ShareErrorsFromSession.php(49): Illuminate\\Routing\\Pipeline->Illuminate\\Routing\\{closure}(Object(Illuminate\\Http\\Request))
#30 /Users/navjotbabrah/Downloads/private-chat-app-with-laravel-vuejs-pusher-master/vendor/laravel/framework/src/Illuminate/Pipeline/Pipeline.php(149): Illuminate\\View\\Middleware\\ShareErrorsFromSession->handle(Object(Illuminate\\Http\\Request), Object(Closure))
#31 /Users/navjotbabrah/Downloads/private-chat-app-with-laravel-vuejs-pusher-master/vendor/laravel/framework/src/Illuminate/Routing/Pipeline.php(53): Illuminate\\Pipeline\\Pipeline->Illuminate\\Pipeline\\{closure}(Object(Illuminate\\Http\\Request))
#32 /Users/navjotbabrah/Downloads/private-chat-app-with-laravel-vuejs-pusher-master/vendor/laravel/framework/src/Illuminate/Session/Middleware/StartSession.php(63): Illuminate\\Routing\\Pipeline->Illuminate\\Routing\\{closure}(Object(Illuminate\\Http\\Request))
#33 /Users/navjotbabrah/Downloads/private-chat-app-with-laravel-vuejs-pusher-master/vendor/laravel/framework/src/Illuminate/Pipeline/Pipeline.php(149): Illuminate\\Session\\Middleware\\StartSession->handle(Object(Illuminate\\Http\\Request), Object(Closure))
#34 /Users/navjotbabrah/Downloads/private-chat-app-with-laravel-vuejs-pusher-master/vendor/laravel/framework/src/Illuminate/Routing/Pipeline.php(53): Illuminate\\Pipeline\\Pipeline->Illuminate\\Pipeline\\{closure}(Object(Illuminate\\Http\\Request))
#35 /Users/navjotbabrah/Downloads/private-chat-app-with-laravel-vuejs-pusher-master/vendor/laravel/framework/src/Illuminate/Cookie/Middleware/AddQueuedCookiesToResponse.php(37): Illuminate\\Routing\\Pipeline->Illuminate\\Routing\\{closure}(Object(Illuminate\\Http\\Request))
#36 /Users/navjotbabrah/Downloads/private-chat-app-with-laravel-vuejs-pusher-master/vendor/laravel/framework/src/Illuminate/Pipeline/Pipeline.php(149): Illuminate\\Cookie\\Middleware\\AddQueuedCookiesToResponse->handle(Object(Illuminate\\Http\\Request), Object(Closure))
#37 /Users/navjotbabrah/Downloads/private-chat-app-with-laravel-vuejs-pusher-master/vendor/laravel/framework/src/Illuminate/Routing/Pipeline.php(53): Illuminate\\Pipeline\\Pipeline->Illuminate\\Pipeline\\{closure}(Object(Illuminate\\Http\\Request))
#38 /Users/navjotbabrah/Downloads/private-chat-app-with-laravel-vuejs-pusher-master/vendor/laravel/framework/src/Illuminate/Cookie/Middleware/EncryptCookies.php(59): Illuminate\\Routing\\Pipeline->Illuminate\\Routing\\{closure}(Object(Illuminate\\Http\\Request))
#39 /Users/navjotbabrah/Downloads/private-chat-app-with-laravel-vuejs-pusher-master/vendor/laravel/framework/src/Illuminate/Pipeline/Pipeline.php(149): Illuminate\\Cookie\\Middleware\\EncryptCookies->handle(Object(Illuminate\\Http\\Request), Object(Closure))
#40 /Users/navjotbabrah/Downloads/private-chat-app-with-laravel-vuejs-pusher-master/vendor/laravel/framework/src/Illuminate/Routing/Pipeline.php(53): Illuminate\\Pipeline\\Pipeline->Illuminate\\Pipeline\\{closure}(Object(Illuminate\\Http\\Request))
#41 /Users/navjotbabrah/Downloads/private-chat-app-with-laravel-vuejs-pusher-master/vendor/laravel/framework/src/Illuminate/Pipeline/Pipeline.php(102): Illuminate\\Routing\\Pipeline->Illuminate\\Routing\\{closure}(Object(Illuminate\\Http\\Request))
#42 /Users/navjotbabrah/Downloads/private-chat-app-with-laravel-vuejs-pusher-master/vendor/laravel/framework/src/Illuminate/Routing/Router.php(661): Illuminate\\Pipeline\\Pipeline->then(Object(Closure))
#43 /Users/navjotbabrah/Downloads/private-chat-app-with-laravel-vuejs-pusher-master/vendor/laravel/framework/src/Illuminate/Routing/Router.php(636): Illuminate\\Routing\\Router->runRouteWithinStack(Object(Illuminate\\Routing\\Route), Object(Illuminate\\Http\\Request))
#44 /Users/navjotbabrah/Downloads/private-chat-app-with-laravel-vuejs-pusher-master/vendor/laravel/framework/src/Illuminate/Routing/Router.php(602): Illuminate\\Routing\\Router->runRoute(Object(Illuminate\\Http\\Request), Object(Illuminate\\Routing\\Route))
#45 /Users/navjotbabrah/Downloads/private-chat-app-with-laravel-vuejs-pusher-master/vendor/laravel/framework/src/Illuminate/Routing/Router.php(591): Illuminate\\Routing\\Router->dispatchToRoute(Object(Illuminate\\Http\\Request))
#46 /Users/navjotbabrah/Downloads/private-chat-app-with-laravel-vuejs-pusher-master/vendor/laravel/framework/src/Illuminate/Foundation/Http/Kernel.php(176): Illuminate\\Routing\\Router->dispatch(Object(Illuminate\\Http\\Request))
#47 /Users/navjotbabrah/Downloads/private-chat-app-with-laravel-vuejs-pusher-master/vendor/laravel/framework/src/Illuminate/Routing/Pipeline.php(30): Illuminate\\Foundation\\Http\\Kernel->Illuminate\\Foundation\\Http\\{closure}(Object(Illuminate\\Http\\Request))
#48 /Users/navjotbabrah/Downloads/private-chat-app-with-laravel-vuejs-pusher-master/vendor/fideloper/proxy/src/TrustProxies.php(57): Illuminate\\Routing\\Pipeline->Illuminate\\Routing\\{closure}(Object(Illuminate\\Http\\Request))
#49 /Users/navjotbabrah/Downloads/private-chat-app-with-laravel-vuejs-pusher-master/vendor/laravel/framework/src/Illuminate/Pipeline/Pipeline.php(149): Fideloper\\Proxy\\TrustProxies->handle(Object(Illuminate\\Http\\Request), Object(Closure))
#50 /Users/navjotbabrah/Downloads/private-chat-app-with-laravel-vuejs-pusher-master/vendor/laravel/framework/src/Illuminate/Routing/Pipeline.php(53): Illuminate\\Pipeline\\Pipeline->Illuminate\\Pipeline\\{closure}(Object(Illuminate\\Http\\Request))
#51 /Users/navjotbabrah/Downloads/private-chat-app-with-laravel-vuejs-pusher-master/vendor/laravel/framework/src/Illuminate/Foundation/Http/Middleware/TransformsRequest.php(30): Illuminate\\Routing\\Pipeline->Illuminate\\Routing\\{closure}(Object(Illuminate\\Http\\Request))
#52 /Users/navjotbabrah/Downloads/private-chat-app-with-laravel-vuejs-pusher-master/vendor/laravel/framework/src/Illuminate/Pipeline/Pipeline.php(149): Illuminate\\Foundation\\Http\\Middleware\\TransformsRequest->handle(Object(Illuminate\\Http\\Request), Object(Closure))
#53 /Users/navjotbabrah/Downloads/private-chat-app-with-laravel-vuejs-pusher-master/vendor/laravel/framework/src/Illuminate/Routing/Pipeline.php(53): Illuminate\\Pipeline\\Pipeline->Illuminate\\Pipeline\\{closure}(Object(Illuminate\\Http\\Request))
#54 /Users/navjotbabrah/Downloads/private-chat-app-with-laravel-vuejs-pusher-master/vendor/laravel/framework/src/Illuminate/Foundation/Http/Middleware/TransformsRequest.php(30): Illuminate\\Routing\\Pipeline->Illuminate\\Routing\\{closure}(Object(Illuminate\\Http\\Request))
#55 /Users/navjotbabrah/Downloads/private-chat-app-with-laravel-vuejs-pusher-master/vendor/laravel/framework/src/Illuminate/Pipeline/Pipeline.php(149): Illuminate\\Foundation\\Http\\Middleware\\TransformsRequest->handle(Object(Illuminate\\Http\\Request), Object(Closure))
#56 /Users/navjotbabrah/Downloads/private-chat-app-with-laravel-vuejs-pusher-master/vendor/laravel/framework/src/Illuminate/Routing/Pipeline.php(53): Illuminate\\Pipeline\\Pipeline->Illuminate\\Pipeline\\{closure}(Object(Illuminate\\Http\\Request))
#57 /Users/navjotbabrah/Downloads/private-chat-app-with-laravel-vuejs-pusher-master/vendor/laravel/framework/src/Illuminate/Foundation/Http/Middleware/ValidatePostSize.php(27): Illuminate\\Routing\\Pipeline->Illuminate\\Routing\\{closure}(Object(Illuminate\\Http\\Request))
#58 /Users/navjotbabrah/Downloads/private-chat-app-with-laravel-vuejs-pusher-master/vendor/laravel/framework/src/Illuminate/Pipeline/Pipeline.php(149): Illuminate\\Foundation\\Http\\Middleware\\ValidatePostSize->handle(Object(Illuminate\\Http\\Request), Object(Closure))
#59 /Users/navjotbabrah/Downloads/private-chat-app-with-laravel-vuejs-pusher-master/vendor/laravel/framework/src/Illuminate/Routing/Pipeline.php(53): Illuminate\\Pipeline\\Pipeline->Illuminate\\Pipeline\\{closure}(Object(Illuminate\\Http\\Request))
#60 /Users/navjotbabrah/Downloads/private-chat-app-with-laravel-vuejs-pusher-master/vendor/laravel/framework/src/Illuminate/Foundation/Http/Middleware/CheckForMaintenanceMode.php(51): Illuminate\\Routing\\Pipeline->Illuminate\\Routing\\{closure}(Object(Illuminate\\Http\\Request))
#61 /Users/navjotbabrah/Downloads/private-chat-app-with-laravel-vuejs-pusher-master/vendor/laravel/framework/src/Illuminate/Pipeline/Pipeline.php(149): Illuminate\\Foundation\\Http\\Middleware\\CheckForMaintenanceMode->handle(Object(Illuminate\\Http\\Request), Object(Closure))
#62 /Users/navjotbabrah/Downloads/private-chat-app-with-laravel-vuejs-pusher-master/vendor/laravel/framework/src/Illuminate/Routing/Pipeline.php(53): Illuminate\\Pipeline\\Pipeline->Illuminate\\Pipeline\\{closure}(Object(Illuminate\\Http\\Request))
#63 /Users/navjotbabrah/Downloads/private-chat-app-with-laravel-vuejs-pusher-master/vendor/laravel/framework/src/Illuminate/Pipeline/Pipeline.php(102): Illuminate\\Routing\\Pipeline->Illuminate\\Routing\\{closure}(Object(Illuminate\\Http\\Request))
#64 /Users/navjotbabrah/Downloads/private-chat-app-with-laravel-vuejs-pusher-master/vendor/laravel/framework/src/Illuminate/Foundation/Http/Kernel.php(151): Illuminate\\Pipeline\\Pipeline->then(Object(Closure))
#65 /Users/navjotbabrah/Downloads/private-chat-app-with-laravel-vuejs-pusher-master/vendor/laravel/framework/src/Illuminate/Foundation/Http/Kernel.php(116): Illuminate\\Foundation\\Http\\Kernel->sendRequestThroughRouter(Object(Illuminate\\Http\\Request))
#66 /Users/navjotbabrah/Downloads/private-chat-app-with-laravel-vuejs-pusher-master/public/index.php(55): Illuminate\\Foundation\\Http\\Kernel->handle(Object(Illuminate\\Http\\Request))
#67 /Users/navjotbabrah/Downloads/private-chat-app-with-laravel-vuejs-pusher-master/server.php(21): require_once('/Users/navjotba...')
#68 {main}
"} 
